<?xml version="1.0" encoding="UTF-8"?>
<!-- Generated by org.testng.reporters.JUnitReportReporter -->
<testsuite hostname="OPTIMUSPRIME" failures="0" tests="3" name="RegisterDemoMavenProject.RegisterDemoTestNG" time="10.524" errors="0" timestamp="2023-07-03T20:09:16 IST" skipped="0">
  <testcase classname="RegisterDemoMavenProject.RegisterDemoTestNG" name="NavigateToResgisterDemo" time="2.901">
    <system-out>
      <![CDATA[Register Demo Page is Clicked
Navigate to Registration Demo Page]]>
    </system-out>
  </testcase> <!-- NavigateToResgisterDemo -->
  <testcase classname="RegisterDemoMavenProject.RegisterDemoTestNG" name="registerUser" time="7.506">
    <system-out>
      <![CDATA[First Name is dispalyed
The First Name value is:Subhasmita
Last Name is dispalyed
The Last Name value is:Jena
Female Radio Button is selected
The Street Address is displayed
The Street Address Value is:Chansandra
The Apartment Address is displayed
The Apartment Address value is:Isha Mistry Green
The City Address is displayed
The City Address Value is:Bangalore
The State Address is displayed
The State Address Value is:Karnatak
The Postal code is displayed
The Postal code Value is:560067
The Country Address is displayed
The Country Value is:India
Email Id is displayed
The Email Id value is:subhasmitadoll@gmail.com
Date is displayed
The date value is:2/10/2023
Mobile Number is displayed
The Mobile Number is:7853860002
The Course1 is displayed
The Course1 is:Selenium WebDriver
The Course1 is displayed
The Course1 is:TestNG
The Query is displayed
The Query Value is:Which Topics are included in Selenium class.
Submit Button is enabled
Submit Button is clicked]]>
    </system-out>
  </testcase> <!-- registerUser -->
  <testcase classname="RegisterDemoMavenProject.RegisterDemoTestNG" name="validatingSuccessfulMsg" time="0.117">
    <system-out>
      <![CDATA[Both the messages are not same
The acutual message is:Registration Form is Successfully Submitted. The Transaction ID : NXTGEN79397]]>
    </system-out>
  </testcase> <!-- validatingSuccessfulMsg -->
  <system-out>
    <![CDATA[Application is lunched
Register Demo Page is Clicked
Navigate to Registration Demo Page
First Name is dispalyed
The First Name value is:Subhasmita
Last Name is dispalyed
The Last Name value is:Jena
Female Radio Button is selected
The Street Address is displayed
The Street Address Value is:Chansandra
The Apartment Address is displayed
The Apartment Address value is:Isha Mistry Green
The City Address is displayed
The City Address Value is:Bangalore
The State Address is displayed
The State Address Value is:Karnatak
The Postal code is displayed
The Postal code Value is:560067
The Country Address is displayed
The Country Value is:India
Email Id is displayed
The Email Id value is:subhasmitadoll@gmail.com
Date is displayed
The date value is:2/10/2023
Mobile Number is displayed
The Mobile Number is:7853860002
The Course1 is displayed
The Course1 is:Selenium WebDriver
The Course1 is displayed
The Course1 is:TestNG
The Query is displayed
The Query Value is:Which Topics are included in Selenium class.
Submit Button is enabled
Submit Button is clicked
Both the messages are not same
The acutual message is:Registration Form is Successfully Submitted. The Transaction ID : NXTGEN79397
Application is closed]]>
  </system-out>
</testsuite> <!-- RegisterDemoMavenProject.RegisterDemoTestNG -->
