<?xml version="1.0" encoding="UTF-8"?>
<!-- Generated by org.testng.reporters.JUnitReportReporter -->
<testsuite hostname="OPTIMUSPRIME" failures="0" tests="9" name="com.TestNg_Methods.SampleThread_Program" time="0.132" errors="0" timestamp="2023-07-07T15:07:31 IST" skipped="0">
  <testcase classname="com.TestNg_Methods.SampleThread_Program" name="testCase4" time="0.004"/>
  <testcase classname="com.TestNg_Methods.SampleThread_Program" name="testCase5" time="0.031"/>
  <testcase classname="com.TestNg_Methods.SampleThread_Program" name="testCase7" time="0.009"/>
  <testcase classname="com.TestNg_Methods.SampleThread_Program" name="myTestCase9" time="0.017"/>
  <testcase classname="com.TestNg_Methods.SampleThread_Program" name="testCase6" time="0.025"/>
  <testcase classname="com.TestNg_Methods.SampleThread_Program" name="testCase3" time="0.008"/>
  <testcase classname="com.TestNg_Methods.SampleThread_Program" name="testCase2" time="0.015"/>
  <testcase classname="com.TestNg_Methods.SampleThread_Program" name="testCase1" time="0.020"/>
  <testcase classname="com.TestNg_Methods.SampleThread_Program" name="testCase8" time="0.003"/>
</testsuite> <!-- com.TestNg_Methods.SampleThread_Program -->
